<?xml version="1.0" encoding="UTF-8"?>
<!-- Generated by org.testng.reporters.JUnitXMLReporter -->
<testsuite ignored="24" hostname="LAPTOP-0HSGMNA0" failures="0" tests="5" name="Somke Testing" time="29.018" errors="0" timestamp="2021-04-03T17:36:28 IST">
  <testcase classname="automation.testing.AutomatedTests" name="TC_03" time="4.19"/>
  <testcase classname="automation.testing.AutomatedTests" name="TC_09" time="4.924"/>
  <testcase classname="automation.testing.AutomatedTests" name="TC_11" time="2.568"/>
  <testcase classname="automation.testing.AutomatedTests" name="TC_14" time="5.166"/>
  <testcase classname="automation.testing.AutomatedTests" name="TC_18" time="12.158"/>
  <testcase classname="automation.testing.AutomatedTests" name="TC_13" time="0.0">
    <ignored/>
  </testcase> <!-- TC_13 -->
  <testcase classname="automation.testing.AutomatedTests" name="TC_02" time="0.0">
    <ignored/>
  </testcase> <!-- TC_02 -->
  <testcase classname="automation.testing.AutomatedTests" name="TC_24" time="0.0">
    <ignored/>
  </testcase> <!-- TC_24 -->
  <testcase classname="automation.testing.AutomatedTests" name="TC_16" time="0.0">
    <ignored/>
  </testcase> <!-- TC_16 -->
  <testcase classname="automation.testing.AutomatedTests" name="TC_05" time="0.0">
    <ignored/>
  </testcase> <!-- TC_05 -->
  <testcase classname="automation.testing.AutomatedTests" name="TC_27" time="0.0">
    <ignored/>
  </testcase> <!-- TC_27 -->
  <testcase classname="automation.testing.AutomatedTests" name="TC_22" time="0.0">
    <ignored/>
  </testcase> <!-- TC_22 -->
  <testcase classname="automation.testing.AutomatedTests" name="TC_25" time="0.0">
    <ignored/>
  </testcase> <!-- TC_25 -->
  <testcase classname="automation.testing.AutomatedTests" name="TC_17" time="0.0">
    <ignored/>
  </testcase> <!-- TC_17 -->
  <testcase classname="automation.testing.AutomatedTests" name="TC_06" time="0.0">
    <ignored/>
  </testcase> <!-- TC_06 -->
  <testcase classname="automation.testing.AutomatedTests" name="TC_28" time="0.0">
    <ignored/>
  </testcase> <!-- TC_28 -->
  <testcase classname="automation.testing.AutomatedTests" name="TC_15" time="0.0">
    <ignored/>
  </testcase> <!-- TC_15 -->
  <testcase classname="automation.testing.AutomatedTests" name="TC_04" time="0.0">
    <ignored/>
  </testcase> <!-- TC_04 -->
  <testcase classname="automation.testing.AutomatedTests" name="TC_26" time="0.0">
    <ignored/>
  </testcase> <!-- TC_26 -->
  <testcase classname="automation.testing.AutomatedTests" name="TC_07" time="0.0">
    <ignored/>
  </testcase> <!-- TC_07 -->
  <testcase classname="automation.testing.AutomatedTests" name="TC_29" time="0.0">
    <ignored/>
  </testcase> <!-- TC_29 -->
  <testcase classname="automation.testing.AutomatedTests" name="TC_19" time="0.0">
    <ignored/>
  </testcase> <!-- TC_19 -->
  <testcase classname="automation.testing.AutomatedTests" name="TC_08" time="0.0">
    <ignored/>
  </testcase> <!-- TC_08 -->
  <testcase classname="automation.testing.AutomatedTests" name="TC_12" time="0.0">
    <ignored/>
  </testcase> <!-- TC_12 -->
  <testcase classname="automation.testing.AutomatedTests" name="TC_01" time="0.0">
    <ignored/>
  </testcase> <!-- TC_01 -->
  <testcase classname="automation.testing.AutomatedTests" name="TC_23" time="0.0">
    <ignored/>
  </testcase> <!-- TC_23 -->
  <testcase classname="automation.testing.AutomatedTests" name="TC_20" time="0.0">
    <ignored/>
  </testcase> <!-- TC_20 -->
  <testcase classname="automation.testing.AutomatedTests" name="TC_10" time="0.0">
    <ignored/>
  </testcase> <!-- TC_10 -->
  <testcase classname="automation.testing.AutomatedTests" name="TC_21" time="0.0">
    <ignored/>
  </testcase> <!-- TC_21 -->
</testsuite> <!-- Somke Testing -->
